#
# There is insufficient memory for the Java Runtime Environment to continue.
# Native memory allocation (malloc) failed to allocate 32744 bytes for ChunkPool::allocate
# Possible reasons:
#   The system is out of physical RAM or swap space
#   The process is running with CompressedOops enabled, and the Java Heap may be blocking the growth of the native heap
# Possible solutions:
#   Reduce memory load on the system
#   Increase physical memory or swap space
#   Check if swap backing store is full
#   Decrease Java heap size (-Xmx/-Xms)
#   Decrease number of Java threads
#   Decrease Java thread stack sizes (-Xss)
#   Set larger code cache with -XX:ReservedCodeCacheSize=
#   JVM is running with Unscaled Compressed Oops mode in which the Java heap is
#     placed in the first 4GB address space. The Java Heap base address is the
#     maximum limit for the native heap growth. Please use -XX:HeapBaseMinAddress
#     to set the Java Heap base and to place the Java Heap above 4GB virtual address.
# This output file may be truncated or incomplete.
#
#  Out of Memory Error (allocation.cpp:272), pid=1060, tid=0x0000000000000548
#
# JRE version: Java(TM) SE Runtime Environment (8.0_241-b07) (build 1.8.0_241-b07)
# Java VM: Java HotSpot(TM) 64-Bit Server VM (25.241-b07 mixed mode windows-amd64 compressed oops)
# Failed to write core dump. Minidumps are not enabled by default on client versions of Windows
#

---------------  T H R E A D  ---------------

Current thread (0x0000000014c11800):  JavaThread "C1 CompilerThread2" daemon [_thread_in_native, id=1352, stack(0x0000000016450000,0x0000000016550000)]

Stack: [0x0000000016450000,0x0000000016550000]
[error occurred during error reporting (printing stack bounds), id 0xc0000005]

Native frames: (J=compiled Java code, j=interpreted, Vv=VM code, C=native code)


Current CompileTask:
C1: 272373 2527       1       org.springframework.core.type.StandardAnnotationMetadata::isAnnotatedMethod (29 bytes)


---------------  P R O C E S S  ---------------

Java Threads: ( => current thread )
  0x00000000171b5800 JavaThread "JMX server connection timeout 17" daemon [_thread_blocked, id=12640, stack(0x0000000017cd0000,0x0000000017dd0000)]
  0x00000000171ac000 JavaThread "RMI Scheduler(0)" daemon [_thread_blocked, id=2264, stack(0x0000000017ad0000,0x0000000017bd0000)]
  0x00000000171ab800 JavaThread "RMI TCP Connection(2)-127.0.0.1" daemon [_thread_in_native, id=8964, stack(0x00000000179d0000,0x0000000017ad0000)]
  0x000000001719e000 JavaThread "RMI TCP Accept-0" daemon [_thread_in_native, id=6284, stack(0x00000000178d0000,0x00000000179d0000)]
  0x0000000017199800 JavaThread "RMI TCP Accept-57093" daemon [_thread_in_native, id=7452, stack(0x00000000176d0000,0x00000000177d0000)]
  0x000000001718b800 JavaThread "RMI TCP Accept-0" daemon [_thread_in_native, id=2580, stack(0x0000000016a50000,0x0000000016b50000)]
  0x0000000014c58000 JavaThread "Service Thread" daemon [_thread_blocked, id=8220, stack(0x0000000016550000,0x0000000016650000)]
=>0x0000000014c11800 JavaThread "C1 CompilerThread2" daemon [_thread_in_native, id=1352, stack(0x0000000016450000,0x0000000016550000)]
  0x0000000014c0d000 JavaThread "C2 CompilerThread1" daemon [_thread_blocked, id=13748, stack(0x0000000016350000,0x0000000016450000)]
  0x0000000014c0b000 JavaThread "C2 CompilerThread0" daemon [_thread_blocked, id=10684, stack(0x0000000016250000,0x0000000016350000)]
  0x0000000014c04800 JavaThread "Attach Listener" daemon [_thread_blocked, id=6440, stack(0x0000000016150000,0x0000000016250000)]
  0x0000000014c0a800 JavaThread "Signal Dispatcher" daemon [_thread_blocked, id=7468, stack(0x0000000016050000,0x0000000016150000)]
  0x0000000014bef800 JavaThread "Finalizer" daemon [_thread_blocked, id=13952, stack(0x0000000015e50000,0x0000000015f50000)]
  0x00000000025f5000 JavaThread "Reference Handler" daemon [_thread_blocked, id=8216, stack(0x0000000015d50000,0x0000000015e50000)]
  0x0000000002506800 JavaThread "main" [_thread_in_native, id=2984, stack(0x0000000002310000,0x0000000002410000)]

Other Threads:
  0x0000000014bc7800 VMThread [stack: 0x0000000015c50000,0x0000000015d50000] [id=8732]
  0x00000000171b1000 WatcherThread [stack: 0x0000000017bd0000,0x0000000017cd0000] [id=14212]

VM state:not at safepoint (normal execution)

VM Mutex/Monitor currently owned by a thread: None

heap address: 0x00000000c1600000, size: 1002 MB, Compressed Oops mode: 32-bit
Narrow klass base: 0x0000000000000000, Narrow klass shift: 3
Compressed class space size: 1073741824 Address: 0x0000000100000000

Heap:
 PSYoungGen      total 45056K, used 6445K [0x00000000eb200000, 0x00000000ee500000, 0x0000000100000000)
  eden space 38912K, 16% used [0x00000000eb200000,0x00000000eb84b560,0x00000000ed800000)
  from space 6144K, 0% used [0x00000000ede80000,0x00000000ede80000,0x00000000ee480000)
  to   space 6656K, 0% used [0x00000000ed800000,0x00000000ed800000,0x00000000ede80000)
 ParOldGen       total 39424K, used 6427K [0x00000000c1600000, 0x00000000c3c80000, 0x00000000eb200000)
  object space 39424K, 16% used [0x00000000c1600000,0x00000000c1c46ff0,0x00000000c3c80000)
 Metaspace       used 24275K, capacity 25557K, committed 25984K, reserved 1073152K
  class space    used 3381K, capacity 3635K, committed 3712K, reserved 1048576K

Card table byte_map: [0x00000000119c0000,0x0000000011bc0000] byte_map_base: 0x00000000113b5000

Marking Bits: (ParMarkBitMap*) 0x000000005575be30
 Begin Bits: [0x0000000012110000, 0x00000000130b8000)
 End Bits:   [0x00000000130b8000, 0x0000000014060000)

Polling page: 0x0000000000610000

CodeCache: size=245760Kb used=5074Kb max_used=5074Kb free=240685Kb
 bounds [0x0000000002600000, 0x0000000002b00000, 0x0000000011600000]
 total_blobs=2894 nmethods=2503 adapters=303
 compilation: enabled

Compilation events (10 events):
Event: 271.533 Thread 0x0000000014c11800 nmethod 2522 0x0000000002af2550 code [0x0000000002af26a0, 0x0000000002af2850]
Event: 271.533 Thread 0x0000000014c11800 2523       1       org.springframework.core.annotation.AnnotationsScanner::processClass (113 bytes)
Event: 271.534 Thread 0x0000000014c11800 nmethod 2523 0x0000000002af2910 code [0x0000000002af2b00, 0x0000000002af31c8]
Event: 271.562 Thread 0x0000000014c11800 2524       1       org.springframework.core.annotation.TypeMappedAnnotations$MergedAnnotationFinder::process (167 bytes)
Event: 271.563 Thread 0x0000000014c11800 nmethod 2524 0x0000000002af3650 code [0x0000000002af3840, 0x0000000002af3d48]
Event: 271.563 Thread 0x0000000014c11800 2526       1       org.springframework.core.annotation.TypeMappedAnnotations$IsPresent::doWithAnnotations (183 bytes)
Event: 271.564 Thread 0x0000000014c11800 nmethod 2526 0x0000000002af41d0 code [0x0000000002af43c0, 0x0000000002af48b8]
Event: 271.564 Thread 0x0000000014c11800 2525       1       org.springframework.core.annotation.TypeMappedAnnotations$IsPresent::doWithAnnotations (10 bytes)
Event: 271.564 Thread 0x0000000014c11800 nmethod 2525 0x0000000002af4dd0 code [0x0000000002af4f20, 0x0000000002af5048]
Event: 271.836 Thread 0x0000000014c11800 2527       1       org.springframework.core.type.StandardAnnotationMetadata::isAnnotatedMethod (29 bytes)

GC Heap History (10 events):
Event: 266.940 GC heap before
{Heap before GC invocations=13 (full 1):
 PSYoungGen      total 31744K, used 28193K [0x00000000eb200000, 0x00000000ee480000, 0x0000000100000000)
  eden space 25088K, 100% used [0x00000000eb200000,0x00000000eca80000,0x00000000eca80000)
  from space 6656K, 46% used [0x00000000eca80000,0x00000000ecd88410,0x00000000ed100000)
  to   space 6144K, 0% used [0x00000000ede80000,0x00000000ede80000,0x00000000ee480000)
 ParOldGen       total 39424K, used 6665K [0x00000000c1600000, 0x00000000c3c80000, 0x00000000eb200000)
  object space 39424K, 16% used [0x00000000c1600000,0x00000000c1c82758,0x00000000c3c80000)
 Metaspace       used 23714K, capacity 25043K, committed 25088K, reserved 1071104K
  class space    used 3278K, capacity 3574K, committed 3584K, reserved 1048576K
Event: 266.949 GC heap after
Heap after GC invocations=13 (full 1):
 PSYoungGen      total 45056K, used 4254K [0x00000000eb200000, 0x00000000ee500000, 0x0000000100000000)
  eden space 38912K, 0% used [0x00000000eb200000,0x00000000eb200000,0x00000000ed800000)
  from space 6144K, 69% used [0x00000000ede80000,0x00000000ee2a79e8,0x00000000ee480000)
  to   space 6656K, 0% used [0x00000000ed800000,0x00000000ed800000,0x00000000ede80000)
 ParOldGen       total 39424K, used 6914K [0x00000000c1600000, 0x00000000c3c80000, 0x00000000eb200000)
  object space 39424K, 17% used [0x00000000c1600000,0x00000000c1cc0b78,0x00000000c3c80000)
 Metaspace       used 23714K, capacity 25043K, committed 25088K, reserved 1071104K
  class space    used 3278K, capacity 3574K, committed 3584K, reserved 1048576K
}
Event: 270.567 GC heap before
{Heap before GC invocations=14 (full 1):
 PSYoungGen      total 45056K, used 12129K [0x00000000eb200000, 0x00000000ee500000, 0x0000000100000000)
  eden space 38912K, 20% used [0x00000000eb200000,0x00000000eb9b0c80,0x00000000ed800000)
  from space 6144K, 69% used [0x00000000ede80000,0x00000000ee2a79e8,0x00000000ee480000)
  to   space 6656K, 0% used [0x00000000ed800000,0x00000000ed800000,0x00000000ede80000)
 ParOldGen       total 39424K, used 6914K [0x00000000c1600000, 0x00000000c3c80000, 0x00000000eb200000)
  object space 39424K, 17% used [0x00000000c1600000,0x00000000c1cc0b78,0x00000000c3c80000)
 Metaspace       used 24050K, capacity 25357K, committed 25472K, reserved 1075200K
  class space    used 3337K, capacity 3609K, committed 3712K, reserved 1048576K
Event: 270.572 GC heap after
Heap after GC invocations=14 (full 1):
 PSYoungGen      total 45568K, used 816K [0x00000000eb200000, 0x00000000ee500000, 0x0000000100000000)
  eden space 38912K, 0% used [0x00000000eb200000,0x00000000eb200000,0x00000000ed800000)
  from space 6656K, 12% used [0x00000000ed800000,0x00000000ed8cc348,0x00000000ede80000)
  to   space 6144K, 0% used [0x00000000ede80000,0x00000000ede80000,0x00000000ee480000)
 ParOldGen       total 39424K, used 9208K [0x00000000c1600000, 0x00000000c3c80000, 0x00000000eb200000)
  object space 39424K, 23% used [0x00000000c1600000,0x00000000c1efe398,0x00000000c3c80000)
 Metaspace       used 24050K, capacity 25357K, committed 25472K, reserved 1075200K
  class space    used 3337K, capacity 3609K, committed 3712K, reserved 1048576K
}
Event: 270.572 GC heap before
{Heap before GC invocations=15 (full 2):
 PSYoungGen      total 45568K, used 816K [0x00000000eb200000, 0x00000000ee500000, 0x0000000100000000)
  eden space 38912K, 0% used [0x00000000eb200000,0x00000000eb200000,0x00000000ed800000)
  from space 6656K, 12% used [0x00000000ed800000,0x00000000ed8cc348,0x00000000ede80000)
  to   space 6144K, 0% used [0x00000000ede80000,0x00000000ede80000,0x00000000ee480000)
 ParOldGen       total 39424K, used 9208K [0x00000000c1600000, 0x00000000c3c80000, 0x00000000eb200000)
  object space 39424K, 23% used [0x00000000c1600000,0x00000000c1efe398,0x00000000c3c80000)
 Metaspace       used 24050K, capacity 25357K, committed 25472K, reserved 1075200K
  class space    used 3337K, capacity 3609K, committed 3712K, reserved 1048576K
Event: 270.713 GC heap after
Heap after GC invocations=15 (full 2):
 PSYoungGen      total 45568K, used 0K [0x00000000eb200000, 0x00000000ee500000, 0x0000000100000000)
  eden space 38912K, 0% used [0x00000000eb200000,0x00000000eb200000,0x00000000ed800000)
  from space 6656K, 0% used [0x00000000ed800000,0x00000000ed800000,0x00000000ede80000)
  to   space 6144K, 0% used [0x00000000ede80000,0x00000000ede80000,0x00000000ee480000)
 ParOldGen       total 39424K, used 7997K [0x00000000c1600000, 0x00000000c3c80000, 0x00000000eb200000)
  object space 39424K, 20% used [0x00000000c1600000,0x00000000c1dcf5c0,0x00000000c3c80000)
 Metaspace       used 24050K, capacity 25357K, committed 25472K, reserved 1073152K
  class space    used 3337K, capacity 3609K, committed 3712K, reserved 1048576K
}
Event: 270.713 GC heap before
{Heap before GC invocations=16 (full 2):
 PSYoungGen      total 45568K, used 0K [0x00000000eb200000, 0x00000000ee500000, 0x0000000100000000)
  eden space 38912K, 0% used [0x00000000eb200000,0x00000000eb200000,0x00000000ed800000)
  from space 6656K, 0% used [0x00000000ed800000,0x00000000ed800000,0x00000000ede80000)
  to   space 6144K, 0% used [0x00000000ede80000,0x00000000ede80000,0x00000000ee480000)
 ParOldGen       total 39424K, used 7997K [0x00000000c1600000, 0x00000000c3c80000, 0x00000000eb200000)
  object space 39424K, 20% used [0x00000000c1600000,0x00000000c1dcf5c0,0x00000000c3c80000)
 Metaspace       used 24050K, capacity 25357K, committed 25472K, reserved 1077248K
  class space    used 3337K, capacity 3609K, committed 3712K, reserved 1048576K
Event: 270.714 GC heap after
Heap after GC invocations=16 (full 2):
 PSYoungGen      total 45056K, used 0K [0x00000000eb200000, 0x00000000ee500000, 0x0000000100000000)
  eden space 38912K, 0% used [0x00000000eb200000,0x00000000eb200000,0x00000000ed800000)
  from space 6144K, 0% used [0x00000000ede80000,0x00000000ede80000,0x00000000ee480000)
  to   space 6656K, 0% used [0x00000000ed800000,0x00000000ed800000,0x00000000ede80000)
 ParOldGen       total 39424K, used 7997K [0x00000000c1600000, 0x00000000c3c80000, 0x00000000eb200000)
  object space 39424K, 20% used [0x00000000c1600000,0x00000000c1dcf5c0,0x00000000c3c80000)
 Metaspace       used 24050K, capacity 25357K, committed 25472K, reserved 1077248K
  class space    used 3337K, capacity 3609K, committed 3712K, reserved 1048576K
}
Event: 270.714 GC heap before
{Heap before GC invocations=17 (full 3):
 PSYoungGen      total 45056K, used 0K [0x00000000eb200000, 0x00000000ee500000, 0x0000000100000000)
  eden space 38912K, 0% used [0x00000000eb200000,0x00000000eb200000,0x00000000ed800000)
  from space 6144K, 0% used [0x00000000ede80000,0x00000000ede80000,0x00000000ee480000)
  to   space 6656K, 0% used [0x00000000ed800000,0x00000000ed800000,0x00000000ede80000)
 ParOldGen       total 39424K, used 7997K [0x00000000c1600000, 0x00000000c3c80000, 0x00000000eb200000)
  object space 39424K, 20% used [0x00000000c1600000,0x00000000c1dcf5c0,0x00000000c3c80000)
 Metaspace       used 24050K, capacity 25357K, committed 25472K, reserved 1077248K
  class space    used 3337K, capacity 3609K, committed 3712K, reserved 1048576K
Event: 270.820 GC heap after
Heap after GC invocations=17 (full 3):
 PSYoungGen      total 45056K, used 0K [0x00000000eb200000, 0x00000000ee500000, 0x0000000100000000)
  eden space 38912K, 0% used [0x00000000eb200000,0x00000000eb200000,0x00000000ed800000)
  from space 6144K, 0% used [0x00000000ede80000,0x00000000ede80000,0x00000000ee480000)
  to   space 6656K, 0% used [0x00000000ed800000,0x00000000ed800000,0x00000000ede80000)
 ParOldGen       total 39424K, used 6427K [0x00000000c1600000, 0x00000000c3c80000, 0x00000000eb200000)
  object space 39424K, 16% used [0x00000000c1600000,0x00000000c1c46ff0,0x00000000c3c80000)
 Metaspace       used 23893K, capacity 25099K, committed 25472K, reserved 1073152K
  class space    used 3309K, capacity 3558K, committed 3712K, reserved 1048576K
}

Deoptimization events (0 events):
No events

Classes redefined (0 events):
No events

Internal exceptions (10 events):
Event: 266.935 Thread 0x0000000002506800 Exception <a 'java/lang/ArrayIndexOutOfBoundsException'> (0x00000000eca49998) thrown at [C:\ade\jenkins\workspace\8-2-build-windows-amd64-cygwin\jdk8u241\331\hotspot\src\share\vm\runtime\sharedRuntime.cpp, line 605]
Event: 266.958 Thread 0x0000000002506800 Exception <a 'java/lang/ArrayIndexOutOfBoundsException'> (0x00000000eb254b00) thrown at [C:\ade\jenkins\workspace\8-2-build-windows-amd64-cygwin\jdk8u241\331\hotspot\src\share\vm\runtime\sharedRuntime.cpp, line 605]
Event: 269.071 Thread 0x0000000002506800 Exception <a 'java/lang/ArrayIndexOutOfBoundsException'> (0x00000000eb514958) thrown at [C:\ade\jenkins\workspace\8-2-build-windows-amd64-cygwin\jdk8u241\331\hotspot\src\share\vm\runtime\sharedRuntime.cpp, line 605]
Event: 269.074 Thread 0x0000000002506800 Exception <a 'java/lang/ArrayIndexOutOfBoundsException'> (0x00000000eb5295a8) thrown at [C:\ade\jenkins\workspace\8-2-build-windows-amd64-cygwin\jdk8u241\331\hotspot\src\share\vm\runtime\sharedRuntime.cpp, line 605]
Event: 269.079 Thread 0x0000000002506800 Exception <a 'java/lang/ArrayIndexOutOfBoundsException'> (0x00000000eb54bc20) thrown at [C:\ade\jenkins\workspace\8-2-build-windows-amd64-cygwin\jdk8u241\331\hotspot\src\share\vm\runtime\sharedRuntime.cpp, line 605]
Event: 269.474 Thread 0x0000000002506800 Exception <a 'java/lang/ArrayIndexOutOfBoundsException'> (0x00000000eb661dd8) thrown at [C:\ade\jenkins\workspace\8-2-build-windows-amd64-cygwin\jdk8u241\331\hotspot\src\share\vm\runtime\sharedRuntime.cpp, line 605]
Event: 269.479 Thread 0x0000000002506800 Exception <a 'java/lang/ArrayIndexOutOfBoundsException'> (0x00000000eb69d100) thrown at [C:\ade\jenkins\workspace\8-2-build-windows-amd64-cygwin\jdk8u241\331\hotspot\src\share\vm\runtime\sharedRuntime.cpp, line 605]
Event: 270.836 Thread 0x0000000002506800 Exception <a 'java/lang/ArrayIndexOutOfBoundsException'> (0x00000000eb290238) thrown at [C:\ade\jenkins\workspace\8-2-build-windows-amd64-cygwin\jdk8u241\331\hotspot\src\share\vm\runtime\sharedRuntime.cpp, line 605]
Event: 271.118 Thread 0x0000000002506800 Exception <a 'java/lang/ArrayIndexOutOfBoundsException'> (0x00000000eb43bc50) thrown at [C:\ade\jenkins\workspace\8-2-build-windows-amd64-cygwin\jdk8u241\331\hotspot\src\share\vm\runtime\sharedRuntime.cpp, line 605]
Event: 271.248 Thread 0x0000000002506800 Exception <a 'java/lang/ArrayIndexOutOfBoundsException'> (0x00000000eb4866a0) thrown at [C:\ade\jenkins\workspace\8-2-build-windows-amd64-cygwin\jdk8u241\331\hotspot\src\share\vm\runtime\sharedRuntime.cpp, line 605]

Events (10 events):
Event: 271.836 loading class org/springframework/boot/autoconfigure/task/TaskSchedulingProperties$Pool
Event: 271.836 loading class org/springframework/boot/autoconfigure/task/TaskSchedulingProperties$Pool done
Event: 271.836 loading class org/springframework/boot/autoconfigure/task/TaskSchedulingProperties$Shutdown
Event: 271.836 loading class org/springframework/boot/autoconfigure/task/TaskSchedulingProperties$Shutdown done
Event: 271.839 loading class org/springframework/beans/factory/config/BeanFactoryPostProcessor
Event: 271.839 loading class org/springframework/beans/factory/config/BeanFactoryPostProcessor done
Event: 271.840 loading class org/springframework/context/annotation/ConfigurationClassEnhancer
Event: 271.840 loading class org/springframework/context/annotation/ConfigurationClassEnhancer done
Event: 271.840 loading class org/springframework/cglib/core/NamingPolicy
Event: 271.840 loading class org/springframework/cglib/core/NamingPolicy done


Dynamic libraries:
0x00007ff7c3730000 - 0x00007ff7c3767000 	C:\Program Files\Java\jre1.8.0_241\bin\javaw.exe
0x00007ffd18570000 - 0x00007ffd18765000 	C:\WINDOWS\SYSTEM32\ntdll.dll
0x00007ffd166e0000 - 0x00007ffd1679d000 	C:\WINDOWS\System32\KERNEL32.DLL
0x00007ffd15ee0000 - 0x00007ffd161a8000 	C:\WINDOWS\System32\KERNELBASE.dll
0x00007ffd13650000 - 0x00007ffd136e0000 	C:\WINDOWS\SYSTEM32\apphelp.dll
0x00007ffd17f60000 - 0x00007ffd1800c000 	C:\WINDOWS\System32\ADVAPI32.dll
0x00007ffd16640000 - 0x00007ffd166de000 	C:\WINDOWS\System32\msvcrt.dll
0x00007ffd17c00000 - 0x00007ffd17c9b000 	C:\WINDOWS\System32\sechost.dll
0x00007ffd167a0000 - 0x00007ffd168cb000 	C:\WINDOWS\System32\RPCRT4.dll
0x00007ffd17030000 - 0x00007ffd171d0000 	C:\WINDOWS\System32\USER32.dll
0x00007ffd15cb0000 - 0x00007ffd15cd2000 	C:\WINDOWS\System32\win32u.dll
0x00007ffd17490000 - 0x00007ffd174ba000 	C:\WINDOWS\System32\GDI32.dll
0x00007ffd15dd0000 - 0x00007ffd15edb000 	C:\WINDOWS\System32\gdi32full.dll
0x00007ffd16540000 - 0x00007ffd165dd000 	C:\WINDOWS\System32\msvcp_win.dll
0x00007ffd16440000 - 0x00007ffd16540000 	C:\WINDOWS\System32\ucrtbase.dll
0x00007ffd06bc0000 - 0x00007ffd06e5a000 	C:\WINDOWS\WinSxS\amd64_microsoft.windows.common-controls_6595b64144ccf1df_6.0.19041.1052_none_60b8f8fd71f5e8cb\COMCTL32.dll
0x00007ffd17260000 - 0x00007ffd17290000 	C:\WINDOWS\System32\IMM32.DLL
0x0000000055e30000 - 0x0000000055f02000 	C:\Program Files\Java\jre1.8.0_241\bin\msvcr100.dll
0x0000000054f30000 - 0x00000000557dc000 	C:\Program Files\Java\jre1.8.0_241\bin\server\jvm.dll
0x00007ffd168d0000 - 0x00007ffd168d8000 	C:\WINDOWS\System32\PSAPI.DLL
0x00007ffd04500000 - 0x00007ffd04509000 	C:\WINDOWS\SYSTEM32\WSOCK32.dll
0x00007ffd169a0000 - 0x00007ffd16a0b000 	C:\WINDOWS\System32\WS2_32.dll
0x00007ffd0d370000 - 0x00007ffd0d397000 	C:\WINDOWS\SYSTEM32\WINMM.dll
0x00007ffd0e7a0000 - 0x00007ffd0e7aa000 	C:\WINDOWS\SYSTEM32\VERSION.dll
0x00007ffd0b320000 - 0x00007ffd0b32f000 	C:\Program Files\Java\jre1.8.0_241\bin\verify.dll
0x00007ffd0b2f0000 - 0x00007ffd0b319000 	C:\Program Files\Java\jre1.8.0_241\bin\java.dll
0x00007ffd0b2d0000 - 0x00007ffd0b2e6000 	C:\Program Files\Java\jre1.8.0_241\bin\zip.dll
0x00007ffd174c0000 - 0x00007ffd17bff000 	C:\WINDOWS\System32\SHELL32.dll
0x00007ffd13dc0000 - 0x00007ffd14550000 	C:\WINDOWS\SYSTEM32\windows.storage.dll
0x00007ffd16a10000 - 0x00007ffd16d65000 	C:\WINDOWS\System32\combase.dll
0x00007ffd15580000 - 0x00007ffd155ac000 	C:\WINDOWS\SYSTEM32\Wldp.dll
0x00007ffd17eb0000 - 0x00007ffd17f5e000 	C:\WINDOWS\System32\SHCORE.dll
0x00007ffd168e0000 - 0x00007ffd16935000 	C:\WINDOWS\System32\shlwapi.dll
0x00007ffd15bf0000 - 0x00007ffd15c0f000 	C:\WINDOWS\SYSTEM32\profapi.dll
0x00007ffd049d0000 - 0x00007ffd049dd000 	C:\Program Files\Java\jre1.8.0_241\bin\management.dll
0x00007ffd033c0000 - 0x00007ffd033da000 	C:\Program Files\Java\jre1.8.0_241\bin\net.dll
0x00007ffd15360000 - 0x00007ffd153ca000 	C:\WINDOWS\system32\mswsock.dll
0x00007ffd02e00000 - 0x00007ffd02e12000 	C:\Program Files\Java\jre1.8.0_241\bin\nio.dll
0x00007ffd0d190000 - 0x00007ffd0d1a7000 	C:\WINDOWS\system32\napinsp.dll
0x00007ffd0c300000 - 0x00007ffd0c31b000 	C:\WINDOWS\system32\pnrpnsp.dll
0x00007ffcf0d40000 - 0x00007ffcf0d55000 	C:\WINDOWS\system32\wshbth.dll
0x00007ffd11ac0000 - 0x00007ffd11add000 	C:\WINDOWS\system32\NLAapi.dll
0x00007ffd15070000 - 0x00007ffd150ab000 	C:\WINDOWS\SYSTEM32\IPHLPAPI.DLL
0x00007ffd150b0000 - 0x00007ffd1517c000 	C:\WINDOWS\SYSTEM32\DNSAPI.dll
0x00007ffd17360000 - 0x00007ffd17368000 	C:\WINDOWS\System32\NSI.dll
0x00007ffd0b520000 - 0x00007ffd0b532000 	C:\WINDOWS\System32\winrnr.dll
0x0000000055a30000 - 0x0000000055a56000 	C:\Program Files\Bonjour\mdnsNSP.dll
0x00007ffd0db60000 - 0x00007ffd0db6a000 	C:\Windows\System32\rasadhlp.dll
0x00007ffd0da50000 - 0x00007ffd0dacf000 	C:\WINDOWS\System32\fwpuclnt.dll
0x00007ffd16410000 - 0x00007ffd16437000 	C:\WINDOWS\System32\bcrypt.dll
0x00007ffd15620000 - 0x00007ffd15638000 	C:\WINDOWS\SYSTEM32\CRYPTSP.dll
0x00007ffd14d20000 - 0x00007ffd14d54000 	C:\WINDOWS\system32\rsaenh.dll
0x00007ffd15b70000 - 0x00007ffd15b9e000 	C:\WINDOWS\SYSTEM32\USERENV.dll
0x00007ffd15d40000 - 0x00007ffd15dc3000 	C:\WINDOWS\System32\bcryptprimitives.dll
0x00007ffd154e0000 - 0x00007ffd154ec000 	C:\WINDOWS\SYSTEM32\CRYPTBASE.dll
0x00007ffd0eac0000 - 0x00007ffd0ead7000 	C:\WINDOWS\SYSTEM32\dhcpcsvc6.DLL
0x00007ffd0eaa0000 - 0x00007ffd0eabd000 	C:\WINDOWS\SYSTEM32\dhcpcsvc.DLL

VM Arguments:
jvm_args: -Dcom.sun.management.jmxremote -Dcom.sun.management.jmxremote.port=57093 -Dcom.sun.management.jmxremote.authenticate=false -Dcom.sun.management.jmxremote.ssl=false -Djava.rmi.server.hostname=localhost -Dspring.jmx.enabled=true -Dspring.application.admin.enabled=true -XX:TieredStopAtLevel=1 -Dspring.boot.project.name=demo1 -Dfile.encoding=UTF-8 
java_command: com.pavan.demo1.Demo1Application --spring.output.ansi.enabled=always
java_class_path (initial): D:\spring projects\demo1\target\classes;C:\Users\Administrator\.m2\repository\org\springframework\boot\spring-boot-starter-data-jpa\2.5.1\spring-boot-starter-data-jpa-2.5.1.jar;C:\Users\Administrator\.m2\repository\org\springframework\boot\spring-boot-starter-aop\2.5.1\spring-boot-starter-aop-2.5.1.jar;C:\Users\Administrator\.m2\repository\org\aspectj\aspectjweaver\1.9.6\aspectjweaver-1.9.6.jar;C:\Users\Administrator\.m2\repository\org\springframework\boot\spring-boot-starter-jdbc\2.5.1\spring-boot-starter-jdbc-2.5.1.jar;C:\Users\Administrator\.m2\repository\com\zaxxer\HikariCP\4.0.3\HikariCP-4.0.3.jar;C:\Users\Administrator\.m2\repository\org\springframework\spring-jdbc\5.3.8\spring-jdbc-5.3.8.jar;C:\Users\Administrator\.m2\repository\jakarta\transaction\jakarta.transaction-api\1.3.3\jakarta.transaction-api-1.3.3.jar;C:\Users\Administrator\.m2\repository\jakarta\persistence\jakarta.persistence-api\2.2.3\jakarta.persistence-api-2.2.3.jar;C:\Users\Administrator\.m2\repository\org\hibernate\hibernate-core\5.4.32.Final\hibernate-core-5.4.32.Final.jar;C:\Users\Administrator\.m2\repository\org\jboss\logging\jboss-logging\3.4.2.Final\jboss-logging-3.4.2.Final.jar;C:\Users\Administrator\.m2\repository\org\javassist\javassist\3.27.0-GA\javassist-3.27.0-GA.jar;C:\Users\Administrator\.m2\repository\net\bytebuddy\byte-buddy\1.10.22\byte-buddy-1.10.22.jar;C:\Users\Administrator\.m2\repository\antlr\antlr\2.7.7\antlr-2.7.7.jar;C:\Users\Administrator\.m2\repository\org\jboss\jandex\2.2.3.Final\jandex-2.2.3.Final.jar;C:\Users\Administrator\.m2\repository\com\fasterxml\classmate\1.5.1\classmate-1.5.1.jar;C:\Users\Administrator\.m2\repository\org\dom4j\dom4j\2.1.3\dom4j-2.1.3.jar;C:\Users\Administrator\.m2\repository\org\hibernate\common\hibernate-commons-annotations\5.1.2.Final\hibernate-commons-annotations-5.1.2.Final.jar;C:\Users\Administrator\.m2\repository\org\glassfish\jaxb\jaxb-runtime\2.3.4\jaxb-runtime-2.3.4.jar;C:\Users\Administrator\.m2\reposi
Launcher Type: SUN_STANDARD

Environment Variables:
JAVA_HOME=D:\java-11-openjdk-11.0.11.9-1.windows.redhat.x86_64\java-11-openjdk-11.0.11.9-1.windows.redhat.x86_64\
PATH=D:/spring-tool-suite-4-4.10.0.RELEASE-e4.19.0-win32.win32.x86_64.self-extracting/contents/sts-4.10.0.RELEASE//plugins/org.eclipse.justj.openjdk.hotspot.jre.full.win32.x86_64_15.0.2.v20210201-0955/jre/bin/server;D:/spring-tool-suite-4-4.10.0.RELEASE-e4.19.0-win32.win32.x86_64.self-extracting/contents/sts-4.10.0.RELEASE//plugins/org.eclipse.justj.openjdk.hotspot.jre.full.win32.x86_64_15.0.2.v20210201-0955/jre/bin;C:\Program Files (x86)\Common Files\Oracle\Java\javapath;C:\WINDOWS\system32;C:\WINDOWS;C:\WINDOWS\System32\Wbem;C:\WINDOWS\System32\WindowsPowerShell\v1.0\;C:\WINDOWS\System32\OpenSSH\;D:\Git\cmd;D:\nodejs\;C:\Program Files\MySQL\MySQL Shell 8.0\bin\;C:\Users\Administrator\AppData\Local\Programs\Python\Python38\Scripts\;C:\Users\Administrator\AppData\Local\Programs\Python\Python38\;C:\Users\Administrator\AppData\Local\Microsoft\WindowsApps;D:\nodeJS\node_modules\npm\bin;D:\Microsoft VS Code\bin;C:\Program Files\Java\jdk1.8.0_241\bin;C:\Program Files\Java\jre1.8.0_241\bin;D:\Heroku\bin;D:\apache-maven-3.6.3-bin\apache-maven-3.6.3\bin;C:\Users\Administrator\AppData\Roaming\npm;C:\Program Files\PostgreSQL\13\bin;D:\java-11-openjdk-11.0.11.9-1.windows.redhat.x86_64\java-11-openjdk-11.0.11.9-1.windows.redhat.x86_64\bin;C:\Program Files\Java\jdk1.8.0_241\bin;;D:\spring-tool-suite-4-4.10.0.RELEASE-e4.19.0-win32.win32.x86_64.self-extracting\contents\sts-4.10.0.RELEASE;
USERNAME=Administrator
OS=Windows_NT
PROCESSOR_IDENTIFIER=Intel64 Family 6 Model 78 Stepping 3, GenuineIntel



---------------  S Y S T E M  ---------------

OS: Windows 10.0 , 64 bit Build 19041 (10.0.19041.1023)

CPU:total 4 (initial active 4) (2 cores per cpu, 2 threads per core) family 6 model 78 stepping 3, cmov, cx8, fxsr, mmx, sse, sse2, sse3, ssse3, sse4.1, sse4.2, popcnt, avx, avx2, aes, clmul, erms, 3dnowpref, lzcnt, ht, tsc, tscinvbit, bmi1, bmi2, adx

Memory: 4k page, physical 4097960k(191072k free), swap 16680872k(28k free)

vm_info: Java HotSpot(TM) 64-Bit Server VM (25.241-b07) for windows-amd64 JRE (1.8.0_241-b07), built on Dec 11 2019 10:21:40 by "rejava" with MS VC++ 10.0 (VS2010)

time: Wed Jun 16 22:09:00 2021
timezone: India Standard Time
elapsed time: 273 seconds (0d 0h 4m 33s)

